<?xml version="1.0" encoding="UTF-8"?>
<testng-results skipped="0" failed="0" ignored="0" total="1" passed="1">
  <reporter-output>
  </reporter-output>
  <suite name="Default suite" duration-ms="18748" started-at="2019-10-14T14:18:37Z" finished-at="2019-10-14T14:18:56Z">
    <groups>
    </groups>
    <test name="Default test" duration-ms="18748" started-at="2019-10-14T14:18:37Z" finished-at="2019-10-14T14:18:56Z">
      <class name="demo1.Login_Test">
        <test-method status="PASS" signature="beforeMethod()[pri:0, instance:demo1.Login_Test@59fa1d9b]" name="beforeMethod" is-config="true" duration-ms="14198" started-at="2019-10-14T14:18:37Z" finished-at="2019-10-14T14:18:51Z">
          <reporter-output>
          </reporter-output>
        </test-method> <!-- beforeMethod -->
        <test-method status="PASS" signature="Search()[pri:0, instance:demo1.Login_Test@59fa1d9b]" name="Search" duration-ms="1791" started-at="2019-10-14T14:18:51Z" finished-at="2019-10-14T14:18:53Z">
          <reporter-output>
          </reporter-output>
        </test-method> <!-- Search -->
        <test-method status="PASS" signature="afterMethod()[pri:0, instance:demo1.Login_Test@59fa1d9b]" name="afterMethod" is-config="true" duration-ms="2696" started-at="2019-10-14T14:18:53Z" finished-at="2019-10-14T14:18:56Z">
          <reporter-output>
          </reporter-output>
        </test-method> <!-- afterMethod -->
      </class> <!-- demo1.Login_Test -->
    </test> <!-- Default test -->
  </suite> <!-- Default suite -->
</testng-results>
